<?xml version='1.0' encoding='UTF-8'?>
<testsuite hostname="MacBook-Air-de-Nassim.local" name="TestUnitaire.ServiceVenteTest" tests="6" errors="0" failures="0" skipped="0" time="5.696" timestamp="2024-12-24T22:53:26">
          <properties>
      <property name="jline.esc.timeout" value="0"/><property name="java.runtime.name" value="OpenJDK Runtime Environment"/><property name="sun.boot.library.path" value="/Users/nassimsahib/Library/Java/JavaVirtualMachines/corretto-1.8.0_432/Contents/Home/jre/lib"/><property name="java.vm.version" value="25.432-b06"/><property name="gopherProxySet" value="false"/><property name="java.vm.vendor" value="Amazon.com Inc."/><property name="java.vendor.url" value="https://aws.amazon.com/corretto/"/><property name="path.separator" value=":"/><property name="java.vm.name" value="OpenJDK 64-Bit Server VM"/><property name="file.encoding.pkg" value="sun.io"/><property name="user.country" value="FR"/><property name="sun.java.launcher" value="SUN_STANDARD"/><property name="sun.os.patch.level" value="unknown"/><property name="jna.nosys" value="true"/><property name="java.vm.specification.name" value="Java Virtual Machine Specification"/><property name="user.dir" value="/Users/nassimsahib/Desktop/sda_2024_test"/><property name="java.runtime.version" value="1.8.0_432-b06"/><property name="java.awt.graphicsenv" value="sun.awt.CGraphicsEnvironment"/><property name="java.endorsed.dirs" value="/Users/nassimsahib/Library/Java/JavaVirtualMachines/corretto-1.8.0_432/Contents/Home/jre/lib/endorsed"/><property name="os.arch" value="aarch64"/><property name="java.io.tmpdir" value="/var/folders/44/jh9fhm3j7k18b_z70c76pcc00000gn/T/"/><property name="line.separator" value="
"/><property name="java.vm.specification.vendor" value="Oracle Corporation"/><property name="log4j.ignoreTCL" value="true"/><property name="os.name" value="Mac OS X"/><property name="sun.jnu.encoding" value="UTF-8"/><property name="java.library.path" value="/Users/nassimsahib/Library/Java/Extensions:/Library/Java/Extensions:/Network/Library/Java/Extensions:/System/Library/Java/Extensions:/usr/lib/java:."/><property name="java.specification.name" value="Java Platform API Specification"/><property name="java.class.version" value="52.0"/><property name="sbt.ipcsocket.tmpdir" value="/var/folders/44/jh9fhm3j7k18b_z70c76pcc00000gn/T/.sbtc7e05d92/ipcsocket"/><property name="sun.management.compiler" value="HotSpot 64-Bit Tiered Compilers"/><property name="os.version" value="14.6.1"/><property name="swoval.tmpdir" value="/var/folders/44/jh9fhm3j7k18b_z70c76pcc00000gn/T/.sbtc7e05d92/swoval"/><property name="user.home" value="/Users/nassimsahib"/><property name="user.timezone" value="Europe/Paris"/><property name="java.awt.printerjob" value="sun.lwawt.macosx.CPrinterJob"/><property name="file.encoding" value="UTF-8"/><property name="java.specification.version" value="1.8"/><property name="java.class.path" value="/opt/homebrew/Cellar/sbt/1.10.6/libexec/bin/sbt-launch.jar"/><property name="user.name" value="nassimsahib"/><property name="jline.shutdownhook" value="false"/><property name="java.vm.specification.version" value="1.8"/><property name="sun.java.command" value="/opt/homebrew/Cellar/sbt/1.10.6/libexec/bin/sbt-launch.jar test"/><property name="java.home" value="/Users/nassimsahib/Library/Java/JavaVirtualMachines/corretto-1.8.0_432/Contents/Home/jre"/><property name="sun.arch.data.model" value="64"/><property name="user.language" value="fr"/><property name="java.specification.vendor" value="Oracle Corporation"/><property name="awt.toolkit" value="sun.lwawt.macosx.LWCToolkit"/><property name="java.vm.info" value="mixed mode"/><property name="java.version" value="1.8.0_432"/><property name="java.ext.dirs" value="/Users/nassimsahib/Library/Java/Extensions:/Users/nassimsahib/Library/Java/JavaVirtualMachines/corretto-1.8.0_432/Contents/Home/jre/lib/ext:/Library/Java/Extensions:/Network/Library/Java/Extensions:/System/Library/Java/Extensions:/usr/lib/java"/><property name="sun.boot.class.path" value="/Users/nassimsahib/Library/Java/JavaVirtualMachines/corretto-1.8.0_432/Contents/Home/jre/lib/resources.jar:/Users/nassimsahib/Library/Java/JavaVirtualMachines/corretto-1.8.0_432/Contents/Home/jre/lib/rt.jar:/Users/nassimsahib/Library/Java/JavaVirtualMachines/corretto-1.8.0_432/Contents/Home/jre/lib/sunrsasign.jar:/Users/nassimsahib/Library/Java/JavaVirtualMachines/corretto-1.8.0_432/Contents/Home/jre/lib/jsse.jar:/Users/nassimsahib/Library/Java/JavaVirtualMachines/corretto-1.8.0_432/Contents/Home/jre/lib/jce.jar:/Users/nassimsahib/Library/Java/JavaVirtualMachines/corretto-1.8.0_432/Contents/Home/jre/lib/charsets.jar:/Users/nassimsahib/Library/Java/JavaVirtualMachines/corretto-1.8.0_432/Contents/Home/jre/lib/jfr.jar:/Users/nassimsahib/Library/Java/JavaVirtualMachines/corretto-1.8.0_432/Contents/Home/jre/classes"/><property name="java.vendor" value="Amazon.com Inc."/><property name="java.specification.maintenance.version" value="6"/><property name="file.separator" value="/"/><property name="java.vendor.url.bug" value="https://github.com/corretto/corretto-8/issues/"/><property name="sun.io.unicode.encoding" value="UnicodeBig"/><property name="sun.cpu.endian" value="little"/><property name="sbt.script" value="/opt/homebrew/Cellar/sbt/1.10.6/libexec/bin/sbt"/><property name="sun.cpu.isalist" value=""/>
    </properties>
          <testcase classname="TestUnitaire.ServiceVenteTest" name="formatter() should split HTT_TVA into HTT and TVA columns" time="2.232">
                      
                    </testcase><testcase classname="TestUnitaire.ServiceVenteTest" name="calculTTC() should calculate the correct TTC values" time="0.196">
                      
                    </testcase><testcase classname="TestUnitaire.ServiceVenteTest" name="MainBatch should correctly handle CSV configuration" time="1.526">
                      
                    </testcase><testcase classname="TestUnitaire.ServiceVenteTest" name="MainBatch should correctly handle JSON configuration" time="0.457">
                      
                    </testcase><testcase classname="TestUnitaire.ServiceVenteTest" name="MainBatch should correctly handle XML configuration" time="1.052">
                      
                    </testcase><testcase classname="TestUnitaire.ServiceVenteTest" name="contratStatus() should correctly add Contrat_Status column" time="0.233">
                      
                    </testcase>
          <system-out><![CDATA[]]></system-out>
          <system-err><![CDATA[]]></system-err>
        </testsuite>